<?xml version="1.0" encoding="UTF-8"?><testsuite errors="1" failures="0" name="Find cheapest flights" skipped="0" tests="1" time="9.03" timestamp="2021-06-23 02:37:31"><testcase name="Search cheap flights"><error message="Cannot invoke &quot;String.split(String)&quot; because the return value of &quot;com.guacha.actions.Actions.getAttributeOfElement(org.openqa.selenium.WebDriver, org.openqa.selenium.By, String)&quot; is null" type="java.lang.NullPointerException">Cannot invoke "String.split(String)" because the return value of "com.guacha.actions.Actions.getAttributeOfElement(org.openqa.selenium.WebDriver, org.openqa.selenium.By, String)" is null</error><system-err>Cannot invoke "String.split(String)" because the return value of "com.guacha.actions.Actions.getAttributeOfElement(org.openqa.selenium.WebDriver, org.openqa.selenium.By, String)" is null&#13;
com.guacha.pages.DespegarMain.inputDateParameters(DespegarMain.java:58)&#13;
com.guacha.stepdefinitions.GetFlightsStepDefinitions.iInputAsDepartureDateAndAsReturnDate(GetFlightsStepDefinitions.java:25)&#13;
✽.I input "30/08/2021" as departure date and "30/09/2021" as return date(file:///C:/Users/Guacha/Desktop/Docs%20Sophos/Trabajos%20-%20Talleres/Despegar/src/test/resources/com/guacha/features/get_flights.feature:26)&#13;
</system-err></testcase></testsuite>